<?xml version="1.0" encoding="UTF-8"?>
<!-- Generated by org.testng.reporters.JUnitReportReporter -->
<testsuite hostname="swamy-PC" name="pages.LoHomePage" tests="1" failures="0" timestamp="10 Sep 2015 17:41:49 GMT" time="0.032" errors="0">
  <testcase name="firstrun" time="0.032" classname="pages.LoHomePage"/>
</testsuite> <!-- pages.LoHomePage -->
